\BOOKMARK [1][-]{section.1}{\376\377\203\003\126\364}{}% 1
\BOOKMARK [2][-]{subsection.1.1}{\376\377\150\007\213\306}{section.1}% 2
\BOOKMARK [2][-]{subsection.1.2}{\376\377\174\373\176\337\151\202\217\360}{section.1}% 3
\BOOKMARK [2][-]{subsection.1.3}{\376\377\145\207\150\143\151\202\217\360}{section.1}% 4
\BOOKMARK [1][-]{section.2}{\376\377\137\025\165\050\145\207\150\143}{}% 5
\BOOKMARK [1][-]{section.3}{\376\377\227\000\154\102}{}% 6
\BOOKMARK [2][-]{subsection.3.1}{\376\377\211\201\154\102\166\204\162\266\140\001\166\204\145\271\137\017}{section.3}% 7
\BOOKMARK [2][-]{subsection.3.2}{\376\377\000C\000S\000C\000I\122\237\200\375\227\000\154\102}{section.3}% 8
\BOOKMARK [3][-]{subsubsection.3.2.1}{\376\377\122\237\200\375\0001}{subsection.3.2}% 9
\BOOKMARK [3][-]{subsubsection.3.2.2}{\376\377\122\237\200\375\0002}{subsection.3.2}% 10
\BOOKMARK [2][-]{subsection.3.3}{\376\377\131\026\220\350\143\245\123\343\227\000\154\102}{section.3}% 11
\BOOKMARK [3][-]{subsubsection.3.3.1}{\376\377\143\245\123\343\150\007\213\306\124\214\143\245\123\343\126\376}{subsection.3.3}% 12
\BOOKMARK [3][-]{subsubsection.3.3.2}{\376\377\143\245\123\343\0001}{subsection.3.3}% 13
\BOOKMARK [3][-]{subsubsection.3.3.3}{\376\377\143\245\123\343\0002}{subsection.3.3}% 14
\BOOKMARK [2][-]{subsection.3.4}{\376\377\000C\000S\000C\000I\121\205\220\350\143\245\123\343\227\000\154\102}{section.3}% 15
\BOOKMARK [2][-]{subsection.3.5}{\376\377\000C\000S\000C\000I\121\205\220\350\145\160\143\156\227\000\154\102}{section.3}% 16
\BOOKMARK [2][-]{subsection.3.6}{\376\377\220\002\136\224\140\047\227\000\154\102}{section.3}% 17
\BOOKMARK [2][-]{subsection.3.7}{\376\377\133\211\121\150\140\047\227\000\154\102}{section.3}% 18
\BOOKMARK [2][-]{subsection.3.8}{\376\377\117\335\133\306\140\047\227\000\154\102}{section.3}% 19
\BOOKMARK [2][-]{subsection.3.9}{\376\377\000C\000S\000C\000I\163\257\130\203\227\000\154\102}{section.3}% 20
\BOOKMARK [2][-]{subsection.3.10}{\376\377\213\241\173\227\147\072\215\104\156\220\227\000\154\102}{section.3}% 21
\BOOKMARK [3][-]{subsubsection.3.10.1}{\376\377\213\241\173\227\147\072\170\154\116\366\227\000\154\102}{subsection.3.10}% 22
\BOOKMARK [3][-]{subsubsection.3.10.2}{\376\377\213\241\173\227\147\072\170\154\116\366\215\104\156\220\117\177\165\050\227\000\154\102}{subsection.3.10}% 23
\BOOKMARK [3][-]{subsubsection.3.10.3}{\376\377\213\241\173\227\147\072\217\157\116\366\227\000\154\102}{subsection.3.10}% 24
\BOOKMARK [3][-]{subsubsection.3.10.4}{\376\377\213\241\173\227\147\072\220\032\117\341\227\000\154\102}{subsection.3.10}% 25
\BOOKMARK [2][-]{subsection.3.11}{\376\377\217\157\116\366\215\050\221\317\126\340\175\040}{section.3}% 26
\BOOKMARK [2][-]{subsection.3.12}{\376\377\213\276\213\241\124\214\133\236\163\260\176\246\147\137}{section.3}% 27
\BOOKMARK [2][-]{subsection.3.13}{\376\377\116\272\124\130\227\000\154\102}{section.3}% 28
\BOOKMARK [2][-]{subsection.3.14}{\376\377\121\166\116\326\227\000\154\102}{section.3}% 29
\BOOKMARK [1][-]{section.4}{\376\377\124\010\150\074\140\047\211\304\133\232}{}% 30
\BOOKMARK [1][-]{section.5}{\376\377\227\000\154\102\123\357\217\375\216\052\140\047}{}% 31
\BOOKMARK [1][-]{section.6}{\376\377\154\350\221\312}{}% 32
